<?xml version="1.0" encoding="UTF-8"?>
<testng-results skipped="0" failed="1" ignored="0" total="3" passed="2">
  <reporter-output>
  </reporter-output>
  <suite name="Surefire suite" duration-ms="17860" started-at="2020-04-01T17:56:40 EEST" finished-at="2020-04-01T17:56:58 EEST">
    <groups>
    </groups>
    <test name="Surefire test" duration-ms="17860" started-at="2020-04-01T17:56:40 EEST" finished-at="2020-04-01T17:56:58 EEST">
      <class name="SampleOfTests">
        <test-method status="PASS" signature="setUp()[pri:0, instance:SampleOfTests@5702b3b1]" name="setUp" is-config="true" duration-ms="10556" started-at="2020-04-01T17:56:40 EEST" finished-at="2020-04-01T17:56:50 EEST">
          <reporter-output>
          </reporter-output>
        </test-method> <!-- setUp -->
        <test-method status="PASS" signature="openBasePage()[pri:0, instance:SampleOfTests@5702b3b1]" name="openBasePage" is-config="true" duration-ms="1299" started-at="2020-04-01T17:56:50 EEST" finished-at="2020-04-01T17:56:52 EEST">
          <reporter-output>
          </reporter-output>
        </test-method> <!-- openBasePage -->
        <test-method status="FAIL" signature="verifyTitleOfPage()[pri:1, instance:SampleOfTests@5702b3b1]" name="verifyTitleOfPage" duration-ms="32" started-at="2020-04-01T17:56:52 EEST" finished-at="2020-04-01T17:56:52 EEST">
          <exception class="java.lang.AssertionError">
            <message>
              <![CDATA[Title contains invalid info expected [Всі ціни Києва та України: товари та послуги, магазини] but found [Р’СЃРµ С†РµРЅС‹ РљРёРµРІР° Рё РЈРєСЂР°РёРЅС‹: С‚РѕРІР°СЂС‹ Рё СѓСЃР»СѓРіРё, РјР°РіР°Р·РёРЅС‹]]]>
            </message>
            <full-stacktrace>
              <![CDATA[java.lang.AssertionError: Title contains invalid info expected [Всі ціни Києва та України: товари та послуги, магазини] but found [Р’СЃРµ С†РµРЅС‹ РљРёРµРІР° Рё РЈРєСЂР°РёРЅС‹: С‚РѕРІР°СЂС‹ Рё СѓСЃР»СѓРіРё, РјР°РіР°Р·РёРЅС‹]
at org.testng.Assert.fail(Assert.java:97)
at org.testng.Assert.assertEqualsImpl(Assert.java:136)
at org.testng.Assert.assertEquals(Assert.java:118)
at org.testng.Assert.assertEquals(Assert.java:575)
at SampleOfTests.verifyTitleOfPage(SampleOfTests.java:25)
at sun.reflect.NativeMethodAccessorImpl.invoke0(Native Method)
at sun.reflect.NativeMethodAccessorImpl.invoke(NativeMethodAccessorImpl.java:62)
at sun.reflect.DelegatingMethodAccessorImpl.invoke(DelegatingMethodAccessorImpl.java:43)
at java.lang.reflect.Method.invoke(Method.java:498)
at org.testng.internal.MethodInvocationHelper.invokeMethod(MethodInvocationHelper.java:134)
at org.testng.internal.TestInvoker.invokeMethod(TestInvoker.java:597)
at org.testng.internal.TestInvoker.invokeTestMethod(TestInvoker.java:173)
at org.testng.internal.MethodRunner.runInSequence(MethodRunner.java:46)
at org.testng.internal.TestInvoker$MethodInvocationAgent.invoke(TestInvoker.java:816)
at org.testng.internal.TestInvoker.invokeTestMethods(TestInvoker.java:146)
at org.testng.internal.TestMethodWorker.invokeTestMethods(TestMethodWorker.java:146)
at org.testng.internal.TestMethodWorker.run(TestMethodWorker.java:128)
at java.util.ArrayList.forEach(ArrayList.java:1257)
at org.testng.TestRunner.privateRun(TestRunner.java:766)
at org.testng.TestRunner.run(TestRunner.java:587)
at org.testng.SuiteRunner.runTest(SuiteRunner.java:384)
at org.testng.SuiteRunner.runSequentially(SuiteRunner.java:378)
at org.testng.SuiteRunner.privateRun(SuiteRunner.java:337)
at org.testng.SuiteRunner.run(SuiteRunner.java:286)
at org.testng.SuiteRunnerWorker.runSuite(SuiteRunnerWorker.java:53)
at org.testng.SuiteRunnerWorker.run(SuiteRunnerWorker.java:96)
at org.testng.TestNG.runSuitesSequentially(TestNG.java:1187)
at org.testng.TestNG.runSuitesLocally(TestNG.java:1109)
at org.testng.TestNG.runSuites(TestNG.java:1039)
at org.testng.TestNG.run(TestNG.java:1007)
at org.apache.maven.surefire.testng.TestNGExecutor.run(TestNGExecutor.java:135)
at org.apache.maven.surefire.testng.TestNGDirectoryTestSuite.executeSingleClass(TestNGDirectoryTestSuite.java:112)
at org.apache.maven.surefire.testng.TestNGDirectoryTestSuite.execute(TestNGDirectoryTestSuite.java:99)
at org.apache.maven.surefire.testng.TestNGProvider.invoke(TestNGProvider.java:146)
at org.apache.maven.surefire.booter.ForkedBooter.runSuitesInProcess(ForkedBooter.java:377)
at org.apache.maven.surefire.booter.ForkedBooter.execute(ForkedBooter.java:138)
at org.apache.maven.surefire.booter.ForkedBooter.run(ForkedBooter.java:465)
at org.apache.maven.surefire.booter.ForkedBooter.main(ForkedBooter.java:451)
]]>
            </full-stacktrace>
          </exception> <!-- java.lang.AssertionError -->
          <reporter-output>
          </reporter-output>
        </test-method> <!-- verifyTitleOfPage -->
        <test-method status="PASS" signature="openBasePage()[pri:0, instance:SampleOfTests@5702b3b1]" name="openBasePage" is-config="true" duration-ms="930" started-at="2020-04-01T17:56:52 EEST" finished-at="2020-04-01T17:56:53 EEST">
          <reporter-output>
          </reporter-output>
        </test-method> <!-- openBasePage -->
        <test-method status="PASS" signature="verifySearchOption()[pri:2, instance:SampleOfTests@5702b3b1]" name="verifySearchOption" duration-ms="1344" started-at="2020-04-01T17:56:53 EEST" finished-at="2020-04-01T17:56:54 EEST">
          <reporter-output>
          </reporter-output>
        </test-method> <!-- verifySearchOption -->
        <test-method status="PASS" signature="openBasePage()[pri:0, instance:SampleOfTests@5702b3b1]" name="openBasePage" is-config="true" duration-ms="404" started-at="2020-04-01T17:56:54 EEST" finished-at="2020-04-01T17:56:54 EEST">
          <reporter-output>
          </reporter-output>
        </test-method> <!-- openBasePage -->
        <test-method status="PASS" signature="loginWithValidCredentials()[pri:3, instance:SampleOfTests@5702b3b1]" name="loginWithValidCredentials" duration-ms="2512" started-at="2020-04-01T17:56:54 EEST" finished-at="2020-04-01T17:56:57 EEST">
          <reporter-output>
          </reporter-output>
        </test-method> <!-- loginWithValidCredentials -->
        <test-method status="PASS" signature="tearDown()[pri:0, instance:SampleOfTests@5702b3b1]" name="tearDown" is-config="true" duration-ms="733" started-at="2020-04-01T17:56:57 EEST" finished-at="2020-04-01T17:56:58 EEST">
          <reporter-output>
          </reporter-output>
        </test-method> <!-- tearDown -->
      </class> <!-- SampleOfTests -->
    </test> <!-- Surefire test -->
  </suite> <!-- Surefire suite -->
</testng-results>
